<?xml version="1.0" encoding="UTF-8"?><testrun name="MybatisDemo.testDeleteUser" project="maven" tests="1" started="1" failures="0" errors="1" ignored="0">
  <testcase name="testDeleteUser" classname="com.lucas.javase.mybatis.demo.MybatisDemo" time="0.117">
    <error>org.apache.ibatis.exceptions.PersistenceException: &#13;
### Error building SqlSession.&#13;
### The error may exist in demo/UserMapper.xml&#13;
### Cause: org.apache.ibatis.builder.BuilderException: Error parsing SQL Mapper Configuration. Cause: org.apache.ibatis.builder.BuilderException: Error creating document instance.  Cause: org.xml.sax.SAXParseException; lineNumber: 16; columnNumber: 67; 必须为元素类型 "delete" 声明属性 "resultType"。&#13;
	at org.apache.ibatis.exceptions.ExceptionFactory.wrapException(ExceptionFactory.java:30)&#13;
	at org.apache.ibatis.session.SqlSessionFactoryBuilder.build(SqlSessionFactoryBuilder.java:80)&#13;
	at org.apache.ibatis.session.SqlSessionFactoryBuilder.build(SqlSessionFactoryBuilder.java:64)&#13;
	at com.lucas.javase.mybatis.demo.MybatisDemo.init(MybatisDemo.java:46)&#13;
	at sun.reflect.NativeMethodAccessorImpl.invoke0(Native Method)&#13;
	at sun.reflect.NativeMethodAccessorImpl.invoke(Unknown Source)&#13;
	at sun.reflect.DelegatingMethodAccessorImpl.invoke(Unknown Source)&#13;
	at java.lang.reflect.Method.invoke(Unknown Source)&#13;
	at org.junit.runners.model.FrameworkMethod$1.runReflectiveCall(FrameworkMethod.java:50)&#13;
	at org.junit.internal.runners.model.ReflectiveCallable.run(ReflectiveCallable.java:12)&#13;
	at org.junit.runners.model.FrameworkMethod.invokeExplosively(FrameworkMethod.java:47)&#13;
	at org.junit.internal.runners.statements.RunBefores.evaluate(RunBefores.java:24)&#13;
	at org.junit.runners.ParentRunner.runLeaf(ParentRunner.java:325)&#13;
	at org.junit.runners.BlockJUnit4ClassRunner.runChild(BlockJUnit4ClassRunner.java:78)&#13;
	at org.junit.runners.BlockJUnit4ClassRunner.runChild(BlockJUnit4ClassRunner.java:57)&#13;
	at org.junit.runners.ParentRunner$3.run(ParentRunner.java:290)&#13;
	at org.junit.runners.ParentRunner$1.schedule(ParentRunner.java:71)&#13;
	at org.junit.runners.ParentRunner.runChildren(ParentRunner.java:288)&#13;
	at org.junit.runners.ParentRunner.access$000(ParentRunner.java:58)&#13;
	at org.junit.runners.ParentRunner$2.evaluate(ParentRunner.java:268)&#13;
	at org.junit.runners.ParentRunner.run(ParentRunner.java:363)&#13;
	at org.eclipse.jdt.internal.junit4.runner.JUnit4TestReference.run(JUnit4TestReference.java:86)&#13;
	at org.eclipse.jdt.internal.junit.runner.TestExecution.run(TestExecution.java:38)&#13;
	at org.eclipse.jdt.internal.junit.runner.RemoteTestRunner.runTests(RemoteTestRunner.java:459)&#13;
	at org.eclipse.jdt.internal.junit.runner.RemoteTestRunner.runTests(RemoteTestRunner.java:678)&#13;
	at org.eclipse.jdt.internal.junit.runner.RemoteTestRunner.run(RemoteTestRunner.java:382)&#13;
	at org.eclipse.jdt.internal.junit.runner.RemoteTestRunner.main(RemoteTestRunner.java:192)&#13;
Caused by: org.apache.ibatis.builder.BuilderException: Error parsing SQL Mapper Configuration. Cause: org.apache.ibatis.builder.BuilderException: Error creating document instance.  Cause: org.xml.sax.SAXParseException; lineNumber: 16; columnNumber: 67; 必须为元素类型 "delete" 声明属性 "resultType"。&#13;
	at org.apache.ibatis.builder.xml.XMLConfigBuilder.parseConfiguration(XMLConfigBuilder.java:121)&#13;
	at org.apache.ibatis.builder.xml.XMLConfigBuilder.parse(XMLConfigBuilder.java:99)&#13;
	at org.apache.ibatis.session.SqlSessionFactoryBuilder.build(SqlSessionFactoryBuilder.java:78)&#13;
	... 25 more&#13;
Caused by: org.apache.ibatis.builder.BuilderException: Error creating document instance.  Cause: org.xml.sax.SAXParseException; lineNumber: 16; columnNumber: 67; 必须为元素类型 "delete" 声明属性 "resultType"。&#13;
	at org.apache.ibatis.parsing.XPathParser.createDocument(XPathParser.java:259)&#13;
	at org.apache.ibatis.parsing.XPathParser.&lt;init&gt;(XPathParser.java:125)&#13;
	at org.apache.ibatis.builder.xml.XMLMapperBuilder.&lt;init&gt;(XMLMapperBuilder.java:78)&#13;
	at org.apache.ibatis.builder.xml.XMLConfigBuilder.mapperElement(XMLConfigBuilder.java:372)&#13;
	at org.apache.ibatis.builder.xml.XMLConfigBuilder.parseConfiguration(XMLConfigBuilder.java:119)&#13;
	... 27 more&#13;
Caused by: org.xml.sax.SAXParseException; lineNumber: 16; columnNumber: 67; 必须为元素类型 "delete" 声明属性 "resultType"。&#13;
	at com.sun.org.apache.xerces.internal.util.ErrorHandlerWrapper.createSAXParseException(Unknown Source)&#13;
	at com.sun.org.apache.xerces.internal.util.ErrorHandlerWrapper.error(Unknown Source)&#13;
	at com.sun.org.apache.xerces.internal.impl.XMLErrorReporter.reportError(Unknown Source)&#13;
	at com.sun.org.apache.xerces.internal.impl.XMLErrorReporter.reportError(Unknown Source)&#13;
	at com.sun.org.apache.xerces.internal.impl.XMLErrorReporter.reportError(Unknown Source)&#13;
	at com.sun.org.apache.xerces.internal.impl.dtd.XMLDTDValidator.addDTDDefaultAttrsAndValidate(Unknown Source)&#13;
	at com.sun.org.apache.xerces.internal.impl.dtd.XMLDTDValidator.handleStartElement(Unknown Source)&#13;
	at com.sun.org.apache.xerces.internal.impl.dtd.XMLDTDValidator.startElement(Unknown Source)&#13;
	at com.sun.org.apache.xerces.internal.impl.XMLDocumentFragmentScannerImpl.scanStartElement(Unknown Source)&#13;
	at com.sun.org.apache.xerces.internal.impl.XMLDocumentFragmentScannerImpl$FragmentContentDriver.next(Unknown Source)&#13;
	at com.sun.org.apache.xerces.internal.impl.XMLDocumentScannerImpl.next(Unknown Source)&#13;
	at com.sun.org.apache.xerces.internal.impl.XMLDocumentFragmentScannerImpl.scanDocument(Unknown Source)&#13;
	at com.sun.org.apache.xerces.internal.parsers.XML11Configuration.parse(Unknown Source)&#13;
	at com.sun.org.apache.xerces.internal.parsers.XML11Configuration.parse(Unknown Source)&#13;
	at com.sun.org.apache.xerces.internal.parsers.XMLParser.parse(Unknown Source)&#13;
	at com.sun.org.apache.xerces.internal.parsers.DOMParser.parse(Unknown Source)&#13;
	at com.sun.org.apache.xerces.internal.jaxp.DocumentBuilderImpl.parse(Unknown Source)&#13;
	at org.apache.ibatis.parsing.XPathParser.createDocument(XPathParser.java:257)&#13;
	... 31 more&#13;
&#13;
</error>
  </testcase>
</testrun>
